<?xml version="1.0" encoding="UTF-8"?>
<robot generator="Robot 7.0 (Python 3.12.2 on win32)" generated="2024-04-08T21:35:45.512926" rpa="false" schemaversion="5">
<suite id="s1" name="TestForm" source="D:\Robot\TestForm.robot">
<test id="s1-t1" name="Successfully Signed Up" line="23">
<kw name="Open Signup Form">
<kw name="Open Browser" owner="SeleniumLibrary">
<msg time="2024-04-08T21:35:45.680909" level="INFO">Opening browser 'Chrome' to base url 'https://form-flax-one.vercel.app'.</msg>
<arg>${URL}</arg>
<arg>${BROWSER}</arg>
<doc>Opens a new browser instance to the optional ``url``.</doc>
<status status="PASS" start="2024-04-08T21:35:45.680909" elapsed="1.519256"/>
</kw>
<kw name="Wait Until Page Contains Element" owner="SeleniumLibrary">
<arg>id=root</arg>
<doc>Waits until the element ``locator`` appears on the current page.</doc>
<status status="PASS" start="2024-04-08T21:35:47.200165" elapsed="0.008980"/>
</kw>
<status status="PASS" start="2024-04-08T21:35:45.679866" elapsed="1.529279"/>
</kw>
<kw name="Input TH Information">
<kw name="Select From List By Value" owner="SeleniumLibrary">
<msg time="2024-04-08T21:35:47.210143" level="INFO">Selecting options from selection list 'id=nameTitleTha' by value นาย.</msg>
<arg>id=nameTitleTha</arg>
<arg>${title}</arg>
<doc>Selects options from selection list ``locator`` by ``values``.</doc>
<status status="PASS" start="2024-04-08T21:35:47.209145" elapsed="0.072163"/>
</kw>
<kw name="Input Text" owner="SeleniumLibrary">
<msg time="2024-04-08T21:35:47.281308" level="INFO">Typing text 'บุริศร์' into text field 'id=firstnameTha'.</msg>
<arg>id=firstnameTha</arg>
<arg>${firstname}</arg>
<doc>Types the given ``text`` into the text field identified by ``locator``.</doc>
<status status="PASS" start="2024-04-08T21:35:47.281308" elapsed="0.116841"/>
</kw>
<kw name="Input Text" owner="SeleniumLibrary">
<msg time="2024-04-08T21:35:47.398149" level="INFO">Typing text 'ศรีษาวรรณ์' into text field 'id=lastnameTha'.</msg>
<arg>id=lastnameTha</arg>
<arg>${lastname}</arg>
<doc>Types the given ``text`` into the text field identified by ``locator``.</doc>
<status status="PASS" start="2024-04-08T21:35:47.398149" elapsed="0.079949"/>
</kw>
<arg>${Valid_Thai_Name_Title}</arg>
<arg>${Valid_Thai_Firstname}</arg>
<arg>${Valid_Thai_Lastname}</arg>
<status status="PASS" start="2024-04-08T21:35:47.209145" elapsed="0.268953"/>
</kw>
<kw name="Input EN Information">
<kw name="Select From List By Value" owner="SeleniumLibrary">
<msg time="2024-04-08T21:35:47.479083" level="INFO">Selecting options from selection list 'id=nameTitleEng' by value Mr..</msg>
<arg>id=nameTitleEng</arg>
<arg>${title}</arg>
<doc>Selects options from selection list ``locator`` by ``values``.</doc>
<status status="PASS" start="2024-04-08T21:35:47.479083" elapsed="0.041192"/>
</kw>
<kw name="Input Text" owner="SeleniumLibrary">
<msg time="2024-04-08T21:35:47.520275" level="INFO">Typing text 'Burit' into text field 'id=firstnameEng'.</msg>
<arg>id=firstnameEng</arg>
<arg>${firstname}</arg>
<doc>Types the given ``text`` into the text field identified by ``locator``.</doc>
<status status="PASS" start="2024-04-08T21:35:47.520275" elapsed="0.056036"/>
</kw>
<kw name="Input Text" owner="SeleniumLibrary">
<msg time="2024-04-08T21:35:47.576311" level="INFO">Typing text 'Srisawan' into text field 'id=lastnameEng'.</msg>
<arg>id=lastnameEng</arg>
<arg>${lastname}</arg>
<doc>Types the given ``text`` into the text field identified by ``locator``.</doc>
<status status="PASS" start="2024-04-08T21:35:47.576311" elapsed="0.065091"/>
</kw>
<arg>${Valid_English_Name_Title}</arg>
<arg>${Valid_English_Firstname}</arg>
<arg>${Valid_English_Lastname}</arg>
<status status="PASS" start="2024-04-08T21:35:47.479083" elapsed="0.162319"/>
</kw>
<kw name="Input Birthday">
<kw name="Select From List By Value" owner="SeleniumLibrary">
<msg time="2024-04-08T21:35:47.642400" level="INFO">Selecting options from selection list 'id=birthDate' by value 5.</msg>
<arg>id=birthDate</arg>
<arg>${day}</arg>
<doc>Selects options from selection list ``locator`` by ``values``.</doc>
<status status="PASS" start="2024-04-08T21:35:47.642400" elapsed="0.042897"/>
</kw>
<kw name="Select From List By Label" owner="SeleniumLibrary">
<msg time="2024-04-08T21:35:47.685297" level="INFO">Selecting options from selection list 'id=birthMonth' by label กรกฎาคม.</msg>
<arg>id=birthMonth</arg>
<arg>${month}</arg>
<doc>Selects options from selection list ``locator`` by ``labels``.</doc>
<status status="PASS" start="2024-04-08T21:35:47.685297" elapsed="0.041325"/>
</kw>
<kw name="Select From List By Label" owner="SeleniumLibrary">
<msg time="2024-04-08T21:35:47.726622" level="INFO">Selecting options from selection list 'id=birthYear' by label 2546.</msg>
<arg>id=birthYear</arg>
<arg>${year}</arg>
<doc>Selects options from selection list ``locator`` by ``labels``.</doc>
<status status="PASS" start="2024-04-08T21:35:47.726622" elapsed="0.040804"/>
</kw>
<arg>${Valid_Day}</arg>
<arg>${Valid_Month}</arg>
<arg>${Valid_YearB_E}</arg>
<status status="PASS" start="2024-04-08T21:35:47.641402" elapsed="0.126024"/>
</kw>
<kw name="Input ID Card">
<kw name="Input Text" owner="SeleniumLibrary">
<msg time="2024-04-08T21:35:47.768474" level="INFO">Typing text '1709800405722' into text field 'id=idCard'.</msg>
<arg>id=idCard</arg>
<arg>${id_card}</arg>
<doc>Types the given ``text`` into the text field identified by ``locator``.</doc>
<status status="PASS" start="2024-04-08T21:35:47.767426" elapsed="0.072898"/>
</kw>
<arg>${Valid_ID_Card}</arg>
<status status="PASS" start="2024-04-08T21:35:47.767426" elapsed="0.072898"/>
</kw>
<kw name="Input Password">
<kw name="Input Text" owner="SeleniumLibrary">
<msg time="2024-04-08T21:35:47.841294" level="INFO">Typing text 'IsNotPassword1' into text field 'id=password'.</msg>
<arg>id=password</arg>
<arg>${password}</arg>
<doc>Types the given ``text`` into the text field identified by ``locator``.</doc>
<status status="PASS" start="2024-04-08T21:35:47.841294" elapsed="0.069328"/>
</kw>
<arg>${Valid_Password}</arg>
<status status="PASS" start="2024-04-08T21:35:47.840324" elapsed="0.071295"/>
</kw>
<kw name="Input Phone Number">
<kw name="Input Text" owner="SeleniumLibrary">
<msg time="2024-04-08T21:35:47.911619" level="INFO">Typing text '0658624304' into text field 'id=mobile'.</msg>
<arg>id=mobile</arg>
<arg>${phone}</arg>
<doc>Types the given ``text`` into the text field identified by ``locator``.</doc>
<status status="PASS" start="2024-04-08T21:35:47.911619" elapsed="0.061364"/>
</kw>
<arg>${Valid_Phone_number}</arg>
<status status="PASS" start="2024-04-08T21:35:47.911619" elapsed="0.061364"/>
</kw>
<kw name="Input Email">
<kw name="Input Text" owner="SeleniumLibrary">
<msg time="2024-04-08T21:35:47.974362" level="INFO">Typing text '654259017@webmail.npru.ac.th' into text field 'id=email'.</msg>
<arg>id=email</arg>
<arg>${email}</arg>
<doc>Types the given ``text`` into the text field identified by ``locator``.</doc>
<status status="PASS" start="2024-04-08T21:35:47.972983" elapsed="0.092403"/>
</kw>
<arg>${Valid_Email_Webmail}</arg>
<status status="PASS" start="2024-04-08T21:35:47.972983" elapsed="0.092403"/>
</kw>
<kw name="Input Checkbox">
<kw name="Execute Javascript" owner="SeleniumLibrary">
<msg time="2024-04-08T21:35:48.066383" level="INFO">Executing JavaScript:
document.getElementById('accept').click()
Without any arguments.</msg>
<arg>document.getElementById('accept').click()</arg>
<doc>Executes the given JavaScript code with possible arguments.</doc>
<status status="PASS" start="2024-04-08T21:35:48.066383" elapsed="0.003993"/>
</kw>
<status status="PASS" start="2024-04-08T21:35:48.066383" elapsed="0.003993"/>
</kw>
<kw name="Click Button">
<kw name="Execute Javascript" owner="SeleniumLibrary">
<msg time="2024-04-08T21:35:48.071374" level="INFO">Executing JavaScript:
document.getElementById('submitbtn').click()
Without any arguments.</msg>
<arg>document.getElementById('submitbtn').click()</arg>
<doc>Executes the given JavaScript code with possible arguments.</doc>
<status status="PASS" start="2024-04-08T21:35:48.071374" elapsed="0.012338"/>
</kw>
<status status="PASS" start="2024-04-08T21:35:48.071374" elapsed="0.012338"/>
</kw>
<kw name="Verify Signup Success">
<kw name="Page Should Contain" owner="SeleniumLibrary">
<msg time="2024-04-08T21:35:48.092692" level="INFO">Current page contains text 'Submitting...'.</msg>
<arg>Submitting...</arg>
<doc>Verifies that current page contains ``text``.</doc>
<status status="PASS" start="2024-04-08T21:35:48.084710" elapsed="0.007982"/>
</kw>
<status status="PASS" start="2024-04-08T21:35:48.084710" elapsed="0.007982"/>
</kw>
<doc>ผู้ใช้สามารถลงทะเบียนสำเร็จด้วยข้อมูลที่ถูกต้อง</doc>
<status status="PASS" start="2024-04-08T21:35:45.678869" elapsed="2.413823"/>
</test>
<test id="s1-t2" name="Check Invalid Name TH" line="37">
<kw name="Open Signup Form">
<kw name="Open Browser" owner="SeleniumLibrary">
<msg time="2024-04-08T21:35:48.094686" level="INFO">Opening browser 'Chrome' to base url 'https://form-flax-one.vercel.app'.</msg>
<arg>${URL}</arg>
<arg>${BROWSER}</arg>
<doc>Opens a new browser instance to the optional ``url``.</doc>
<status status="PASS" start="2024-04-08T21:35:48.094686" elapsed="1.463004"/>
</kw>
<kw name="Wait Until Page Contains Element" owner="SeleniumLibrary">
<arg>id=root</arg>
<doc>Waits until the element ``locator`` appears on the current page.</doc>
<status status="PASS" start="2024-04-08T21:35:49.557690" elapsed="0.007979"/>
</kw>
<status status="PASS" start="2024-04-08T21:35:48.094686" elapsed="1.470983"/>
</kw>
<kw name="Input TH Information">
<kw name="Select From List By Value" owner="SeleniumLibrary">
<msg time="2024-04-08T21:35:49.565669" level="INFO">Selecting options from selection list 'id=nameTitleTha' by value นาย.</msg>
<arg>id=nameTitleTha</arg>
<arg>${title}</arg>
<doc>Selects options from selection list ``locator`` by ``values``.</doc>
<status status="PASS" start="2024-04-08T21:35:49.565669" elapsed="0.067060"/>
</kw>
<kw name="Input Text" owner="SeleniumLibrary">
<msg time="2024-04-08T21:35:49.632729" level="INFO">Typing text 'Burit' into text field 'id=firstnameTha'.</msg>
<arg>id=firstnameTha</arg>
<arg>${firstname}</arg>
<doc>Types the given ``text`` into the text field identified by ``locator``.</doc>
<status status="PASS" start="2024-04-08T21:35:49.632729" elapsed="0.080735"/>
</kw>
<kw name="Input Text" owner="SeleniumLibrary">
<msg time="2024-04-08T21:35:49.714461" level="INFO">Typing text 'ศรีษาวรรณ์' into text field 'id=lastnameTha'.</msg>
<arg>id=lastnameTha</arg>
<arg>${lastname}</arg>
<doc>Types the given ``text`` into the text field identified by ``locator``.</doc>
<status status="PASS" start="2024-04-08T21:35:49.713464" elapsed="0.078794"/>
</kw>
<arg>${Valid_Thai_Name_Title}</arg>
<arg>${Valid_English_Firstname}</arg>
<arg>${Valid_Thai_Lastname}</arg>
<status status="PASS" start="2024-04-08T21:35:49.565669" elapsed="0.226589"/>
</kw>
<kw name="Verify Invalid Name_TH_Only">
<kw name="Page Should Contain" owner="SeleniumLibrary">
<msg time="2024-04-08T21:35:49.914976" level="INFO" html="true">&lt;/td&gt;&lt;/tr&gt;&lt;tr&gt;&lt;td colspan="3"&gt;&lt;a href="selenium-screenshot-1.png"&gt;&lt;img src="selenium-screenshot-1.png" width="800px"&gt;&lt;/a&gt;</msg>
<msg time="2024-04-08T21:35:49.914976" level="FAIL">Page should have contained text 'ต้องเป็นภาษาไทยเท่านั้น' but did not.</msg>
<arg>ต้องเป็นภาษาไทยเท่านั้น</arg>
<doc>Verifies that current page contains ``text``.</doc>
<status status="FAIL" start="2024-04-08T21:35:49.793256" elapsed="0.122718">Page should have contained text 'ต้องเป็นภาษาไทยเท่านั้น' but did not.</status>
</kw>
<status status="FAIL" start="2024-04-08T21:35:49.793256" elapsed="0.122718">Page should have contained text 'ต้องเป็นภาษาไทยเท่านั้น' but did not.</status>
</kw>
<doc>ตรวจสอบข้อความผิดพลาดสำหรับชื่อไทยที่ไม่ถูกต้อง</doc>
<status status="FAIL" start="2024-04-08T21:35:48.093689" elapsed="1.823282">Page should have contained text 'ต้องเป็นภาษาไทยเท่านั้น' but did not.</status>
</test>
<test id="s1-t3" name="Check Invalid Name EN" line="43">
<kw name="Open Signup Form">
<kw name="Open Browser" owner="SeleniumLibrary">
<msg time="2024-04-08T21:35:49.918974" level="INFO">Opening browser 'Chrome' to base url 'https://form-flax-one.vercel.app'.</msg>
<arg>${URL}</arg>
<arg>${BROWSER}</arg>
<doc>Opens a new browser instance to the optional ``url``.</doc>
<status status="PASS" start="2024-04-08T21:35:49.918974" elapsed="1.473971"/>
</kw>
<kw name="Wait Until Page Contains Element" owner="SeleniumLibrary">
<arg>id=root</arg>
<doc>Waits until the element ``locator`` appears on the current page.</doc>
<status status="PASS" start="2024-04-08T21:35:51.392945" elapsed="0.007978"/>
</kw>
<status status="PASS" start="2024-04-08T21:35:49.918974" elapsed="1.481949"/>
</kw>
<kw name="Input EN Information">
<kw name="Select From List By Value" owner="SeleniumLibrary">
<msg time="2024-04-08T21:35:51.401921" level="INFO">Selecting options from selection list 'id=nameTitleEng' by value Mr..</msg>
<arg>id=nameTitleEng</arg>
<arg>${title}</arg>
<doc>Selects options from selection list ``locator`` by ``values``.</doc>
<status status="PASS" start="2024-04-08T21:35:51.400923" elapsed="0.071789"/>
</kw>
<kw name="Input Text" owner="SeleniumLibrary">
<msg time="2024-04-08T21:35:51.472712" level="INFO">Typing text 'บุริศร์' into text field 'id=firstnameEng'.</msg>
<arg>id=firstnameEng</arg>
<arg>${firstname}</arg>
<doc>Types the given ``text`` into the text field identified by ``locator``.</doc>
<status status="PASS" start="2024-04-08T21:35:51.472712" elapsed="0.095342"/>
</kw>
<kw name="Input Text" owner="SeleniumLibrary">
<msg time="2024-04-08T21:35:51.568054" level="INFO">Typing text 'Srisawan' into text field 'id=lastnameEng'.</msg>
<arg>id=lastnameEng</arg>
<arg>${lastname}</arg>
<doc>Types the given ``text`` into the text field identified by ``locator``.</doc>
<status status="PASS" start="2024-04-08T21:35:51.568054" elapsed="0.075782"/>
</kw>
<arg>${Valid_English_Name_Title}</arg>
<arg>${Valid_Thai_Firstname}</arg>
<arg>${Valid_English_Lastname}</arg>
<status status="PASS" start="2024-04-08T21:35:51.400923" elapsed="0.242913"/>
</kw>
<kw name="Verify Invalid Name_EN_Only">
<kw name="Page Should Contain" owner="SeleniumLibrary">
<msg time="2024-04-08T21:35:51.814221" level="INFO" html="true">&lt;/td&gt;&lt;/tr&gt;&lt;tr&gt;&lt;td colspan="3"&gt;&lt;a href="selenium-screenshot-2.png"&gt;&lt;img src="selenium-screenshot-2.png" width="800px"&gt;&lt;/a&gt;</msg>
<msg time="2024-04-08T21:35:51.814221" level="FAIL">Page should have contained text 'ต้องเป็นภาษาอังกฤษเท่านั้น' but did not.</msg>
<arg>ต้องเป็นภาษาอังกฤษเท่านั้น</arg>
<doc>Verifies that current page contains ``text``.</doc>
<status status="FAIL" start="2024-04-08T21:35:51.644834" elapsed="0.170384">Page should have contained text 'ต้องเป็นภาษาอังกฤษเท่านั้น' but did not.</status>
</kw>
<status status="FAIL" start="2024-04-08T21:35:51.643836" elapsed="0.171382">Page should have contained text 'ต้องเป็นภาษาอังกฤษเท่านั้น' but did not.</status>
</kw>
<doc>ตรวจสอบข้อความผิดพลาดสำหรับชื่ออังกฤษที่ไม่ถูกต้อง</doc>
<status status="FAIL" start="2024-04-08T21:35:49.916971" elapsed="1.898247">Page should have contained text 'ต้องเป็นภาษาอังกฤษเท่านั้น' but did not.</status>
</test>
<test id="s1-t4" name="Check Invalid ID Card" line="49">
<kw name="Open Signup Form">
<kw name="Open Browser" owner="SeleniumLibrary">
<msg time="2024-04-08T21:35:51.818210" level="INFO">Opening browser 'Chrome' to base url 'https://form-flax-one.vercel.app'.</msg>
<arg>${URL}</arg>
<arg>${BROWSER}</arg>
<doc>Opens a new browser instance to the optional ``url``.</doc>
<status status="PASS" start="2024-04-08T21:35:51.817213" elapsed="1.469328"/>
</kw>
<kw name="Wait Until Page Contains Element" owner="SeleniumLibrary">
<arg>id=root</arg>
<doc>Waits until the element ``locator`` appears on the current page.</doc>
<status status="PASS" start="2024-04-08T21:35:53.286541" elapsed="0.007979"/>
</kw>
<status status="PASS" start="2024-04-08T21:35:51.817213" elapsed="1.477307"/>
</kw>
<kw name="Input ID Card">
<kw name="Input Text" owner="SeleniumLibrary">
<msg time="2024-04-08T21:35:53.295516" level="INFO">Typing text 'W1709800405722' into text field 'id=idCard'.</msg>
<arg>id=idCard</arg>
<arg>${id_card}</arg>
<doc>Types the given ``text`` into the text field identified by ``locator``.</doc>
<status status="PASS" start="2024-04-08T21:35:53.295516" elapsed="0.119637"/>
</kw>
<arg>W1709800405722</arg>
<status status="PASS" start="2024-04-08T21:35:53.294520" elapsed="0.120633"/>
</kw>
<kw name="Execute Javascript" owner="SeleniumLibrary">
<msg time="2024-04-08T21:35:53.416150" level="INFO">Executing JavaScript:
window.scrollTo(0, document.body.scrollHeight);
Without any arguments.</msg>
<arg>${SCROLL_SCRIPT_DOWN}</arg>
<doc>Executes the given JavaScript code with possible arguments.</doc>
<status status="PASS" start="2024-04-08T21:35:53.415153" elapsed="0.003989"/>
</kw>
<kw name="Sleep" owner="BuiltIn">
<msg time="2024-04-08T21:35:55.419704" level="INFO">Slept 2 seconds.</msg>
<arg>2s</arg>
<doc>Pauses the test executed for the given time.</doc>
<status status="PASS" start="2024-04-08T21:35:53.419142" elapsed="2.000562"/>
</kw>
<kw name="Input Checkbox">
<kw name="Execute Javascript" owner="SeleniumLibrary">
<msg time="2024-04-08T21:35:55.420698" level="INFO">Executing JavaScript:
document.getElementById('accept').click()
Without any arguments.</msg>
<arg>document.getElementById('accept').click()</arg>
<doc>Executes the given JavaScript code with possible arguments.</doc>
<status status="PASS" start="2024-04-08T21:35:55.420698" elapsed="0.007982"/>
</kw>
<status status="PASS" start="2024-04-08T21:35:55.419704" elapsed="0.008976"/>
</kw>
<kw name="Click Button">
<kw name="Execute Javascript" owner="SeleniumLibrary">
<msg time="2024-04-08T21:35:55.429678" level="INFO">Executing JavaScript:
document.getElementById('submitbtn').click()
Without any arguments.</msg>
<arg>document.getElementById('submitbtn').click()</arg>
<doc>Executes the given JavaScript code with possible arguments.</doc>
<status status="PASS" start="2024-04-08T21:35:55.429678" elapsed="0.007979"/>
</kw>
<status status="PASS" start="2024-04-08T21:35:55.428680" elapsed="0.008977"/>
</kw>
<kw name="Verify Invalid IDcard_Only">
<kw name="Page Should Contain" owner="SeleniumLibrary">
<msg time="2024-04-08T21:35:55.588128" level="INFO" html="true">&lt;/td&gt;&lt;/tr&gt;&lt;tr&gt;&lt;td colspan="3"&gt;&lt;a href="selenium-screenshot-3.png"&gt;&lt;img src="selenium-screenshot-3.png" width="800px"&gt;&lt;/a&gt;</msg>
<msg time="2024-04-08T21:35:55.589125" level="FAIL">Page should have contained text 'ต้องเป็นตัวเลขเท่านั้น' but did not.</msg>
<arg>ต้องเป็นตัวเลขเท่านั้น</arg>
<doc>Verifies that current page contains ``text``.</doc>
<status status="FAIL" start="2024-04-08T21:35:55.437657" elapsed="0.151468">Page should have contained text 'ต้องเป็นตัวเลขเท่านั้น' but did not.</status>
</kw>
<status status="FAIL" start="2024-04-08T21:35:55.437657" elapsed="0.151468">Page should have contained text 'ต้องเป็นตัวเลขเท่านั้น' but did not.</status>
</kw>
<kw name="Capture Page Screenshot" owner="SeleniumLibrary">
<doc>Takes a screenshot of the current page and embeds it into a log file.</doc>
<status status="NOT RUN" start="2024-04-08T21:35:55.589125" elapsed="0.000000"/>
</kw>
<doc>ตรวจสอบข้อความผิดพลาดสำหรับหมายเลขบัตรประชาชนที่ไม่ถูกต้อง</doc>
<status status="FAIL" start="2024-04-08T21:35:51.816215" elapsed="3.773907">Page should have contained text 'ต้องเป็นตัวเลขเท่านั้น' but did not.</status>
</test>
<test id="s1-t5" name="Check Invalid Password" line="60">
<kw name="Open Signup Form">
<kw name="Open Browser" owner="SeleniumLibrary">
<msg time="2024-04-08T21:35:55.592117" level="INFO">Opening browser 'Chrome' to base url 'https://form-flax-one.vercel.app'.</msg>
<arg>${URL}</arg>
<arg>${BROWSER}</arg>
<doc>Opens a new browser instance to the optional ``url``.</doc>
<status status="PASS" start="2024-04-08T21:35:55.592117" elapsed="1.465620"/>
</kw>
<kw name="Wait Until Page Contains Element" owner="SeleniumLibrary">
<arg>id=root</arg>
<doc>Waits until the element ``locator`` appears on the current page.</doc>
<status status="PASS" start="2024-04-08T21:35:57.057737" elapsed="0.007979"/>
</kw>
<status status="PASS" start="2024-04-08T21:35:55.592117" elapsed="1.473599"/>
</kw>
<kw name="Input Password">
<kw name="Input Text" owner="SeleniumLibrary">
<msg time="2024-04-08T21:35:57.066713" level="INFO">Typing text 'IsNotPassword' into text field 'id=password'.</msg>
<arg>id=password</arg>
<arg>${password}</arg>
<doc>Types the given ``text`` into the text field identified by ``locator``.</doc>
<status status="PASS" start="2024-04-08T21:35:57.066713" elapsed="0.141745"/>
</kw>
<arg>IsNotPassword</arg>
<status status="PASS" start="2024-04-08T21:35:57.066713" elapsed="0.141745"/>
</kw>
<kw name="Execute Javascript" owner="SeleniumLibrary">
<msg time="2024-04-08T21:35:57.209457" level="INFO">Executing JavaScript:
window.scrollTo(0, document.body.scrollHeight);
Without any arguments.</msg>
<arg>${SCROLL_SCRIPT_DOWN}</arg>
<doc>Executes the given JavaScript code with possible arguments.</doc>
<status status="PASS" start="2024-04-08T21:35:57.209457" elapsed="0.003988"/>
</kw>
<kw name="Sleep" owner="BuiltIn">
<msg time="2024-04-08T21:35:59.213687" level="INFO">Slept 2 seconds.</msg>
<arg>2s</arg>
<doc>Pauses the test executed for the given time.</doc>
<status status="PASS" start="2024-04-08T21:35:57.213445" elapsed="2.000242"/>
</kw>
<kw name="Input Checkbox">
<kw name="Execute Javascript" owner="SeleniumLibrary">
<msg time="2024-04-08T21:35:59.214472" level="INFO">Executing JavaScript:
document.getElementById('accept').click()
Without any arguments.</msg>
<arg>document.getElementById('accept').click()</arg>
<doc>Executes the given JavaScript code with possible arguments.</doc>
<status status="PASS" start="2024-04-08T21:35:59.213687" elapsed="0.008758"/>
</kw>
<status status="PASS" start="2024-04-08T21:35:59.213687" elapsed="0.008758"/>
</kw>
<kw name="Click Button">
<kw name="Execute Javascript" owner="SeleniumLibrary">
<msg time="2024-04-08T21:35:59.223442" level="INFO">Executing JavaScript:
document.getElementById('submitbtn').click()
Without any arguments.</msg>
<arg>document.getElementById('submitbtn').click()</arg>
<doc>Executes the given JavaScript code with possible arguments.</doc>
<status status="PASS" start="2024-04-08T21:35:59.223442" elapsed="0.014949"/>
</kw>
<status status="PASS" start="2024-04-08T21:35:59.222445" elapsed="0.015946"/>
</kw>
<kw name="Verify Invalid IDcard_Only">
<kw name="Page Should Contain" owner="SeleniumLibrary">
<msg time="2024-04-08T21:35:59.373959" level="INFO" html="true">&lt;/td&gt;&lt;/tr&gt;&lt;tr&gt;&lt;td colspan="3"&gt;&lt;a href="selenium-screenshot-4.png"&gt;&lt;img src="selenium-screenshot-4.png" width="800px"&gt;&lt;/a&gt;</msg>
<msg time="2024-04-08T21:35:59.373959" level="FAIL">Page should have contained text 'ต้องเป็นตัวเลขเท่านั้น' but did not.</msg>
<arg>ต้องเป็นตัวเลขเท่านั้น</arg>
<doc>Verifies that current page contains ``text``.</doc>
<status status="FAIL" start="2024-04-08T21:35:59.239389" elapsed="0.134570">Page should have contained text 'ต้องเป็นตัวเลขเท่านั้น' but did not.</status>
</kw>
<status status="FAIL" start="2024-04-08T21:35:59.238391" elapsed="0.136566">Page should have contained text 'ต้องเป็นตัวเลขเท่านั้น' but did not.</status>
</kw>
<kw name="Capture Page Screenshot" owner="SeleniumLibrary">
<doc>Takes a screenshot of the current page and embeds it into a log file.</doc>
<status status="NOT RUN" start="2024-04-08T21:35:59.374957" elapsed="0.000000"/>
</kw>
<doc>ตรวจสอบข้อความผิดพลาดสำหรับรหัสผ่านไม่ถูกต้อง</doc>
<status status="FAIL" start="2024-04-08T21:35:55.590122" elapsed="3.784835">Page should have contained text 'ต้องเป็นตัวเลขเท่านั้น' but did not.</status>
</test>
<test id="s1-t6" name="Check Invalid Phone_number" line="71">
<kw name="Open Signup Form">
<kw name="Open Browser" owner="SeleniumLibrary">
<msg time="2024-04-08T21:35:59.376951" level="INFO">Opening browser 'Chrome' to base url 'https://form-flax-one.vercel.app'.</msg>
<arg>${URL}</arg>
<arg>${BROWSER}</arg>
<doc>Opens a new browser instance to the optional ``url``.</doc>
<status status="PASS" start="2024-04-08T21:35:59.376951" elapsed="1.491607"/>
</kw>
<kw name="Wait Until Page Contains Element" owner="SeleniumLibrary">
<arg>id=root</arg>
<doc>Waits until the element ``locator`` appears on the current page.</doc>
<status status="PASS" start="2024-04-08T21:36:00.868558" elapsed="0.007966"/>
</kw>
<status status="PASS" start="2024-04-08T21:35:59.376951" elapsed="1.499573"/>
</kw>
<kw name="Input Phone Number">
<kw name="Input Text" owner="SeleniumLibrary">
<msg time="2024-04-08T21:36:00.876524" level="INFO">Typing text '065862430' into text field 'id=mobile'.</msg>
<arg>id=mobile</arg>
<arg>${phone}</arg>
<doc>Types the given ``text`` into the text field identified by ``locator``.</doc>
<status status="PASS" start="2024-04-08T21:36:00.876524" elapsed="0.104432"/>
</kw>
<arg>065862430</arg>
<status status="PASS" start="2024-04-08T21:36:00.876524" elapsed="0.104432"/>
</kw>
<kw name="Execute Javascript" owner="SeleniumLibrary">
<msg time="2024-04-08T21:36:00.981953" level="INFO">Executing JavaScript:
window.scrollTo(0, document.body.scrollHeight);
Without any arguments.</msg>
<arg>${SCROLL_SCRIPT_DOWN}</arg>
<doc>Executes the given JavaScript code with possible arguments.</doc>
<status status="PASS" start="2024-04-08T21:36:00.981953" elapsed="0.002990"/>
</kw>
<kw name="Sleep" owner="BuiltIn">
<msg time="2024-04-08T21:36:02.986084" level="INFO">Slept 2 seconds.</msg>
<arg>2s</arg>
<doc>Pauses the test executed for the given time.</doc>
<status status="PASS" start="2024-04-08T21:36:00.985942" elapsed="2.000142"/>
</kw>
<kw name="Input Checkbox">
<kw name="Execute Javascript" owner="SeleniumLibrary">
<msg time="2024-04-08T21:36:02.987081" level="INFO">Executing JavaScript:
document.getElementById('accept').click()
Without any arguments.</msg>
<arg>document.getElementById('accept').click()</arg>
<doc>Executes the given JavaScript code with possible arguments.</doc>
<status status="PASS" start="2024-04-08T21:36:02.986084" elapsed="0.010024"/>
</kw>
<status status="PASS" start="2024-04-08T21:36:02.986084" elapsed="0.011020"/>
</kw>
<kw name="Click Button">
<kw name="Execute Javascript" owner="SeleniumLibrary">
<msg time="2024-04-08T21:36:02.998102" level="INFO">Executing JavaScript:
document.getElementById('submitbtn').click()
Without any arguments.</msg>
<arg>document.getElementById('submitbtn').click()</arg>
<doc>Executes the given JavaScript code with possible arguments.</doc>
<status status="PASS" start="2024-04-08T21:36:02.997104" elapsed="0.009925"/>
</kw>
<status status="PASS" start="2024-04-08T21:36:02.997104" elapsed="0.009925"/>
</kw>
<kw name="Verify Invalid IDcard_Only">
<kw name="Page Should Contain" owner="SeleniumLibrary">
<msg time="2024-04-08T21:36:03.287368" level="INFO" html="true">&lt;/td&gt;&lt;/tr&gt;&lt;tr&gt;&lt;td colspan="3"&gt;&lt;a href="selenium-screenshot-5.png"&gt;&lt;img src="selenium-screenshot-5.png" width="800px"&gt;&lt;/a&gt;</msg>
<msg time="2024-04-08T21:36:03.288366" level="FAIL">Page should have contained text 'ต้องเป็นตัวเลขเท่านั้น' but did not.</msg>
<arg>ต้องเป็นตัวเลขเท่านั้น</arg>
<doc>Verifies that current page contains ``text``.</doc>
<status status="FAIL" start="2024-04-08T21:36:03.007029" elapsed="0.281337">Page should have contained text 'ต้องเป็นตัวเลขเท่านั้น' but did not.</status>
</kw>
<status status="FAIL" start="2024-04-08T21:36:03.007029" elapsed="0.281337">Page should have contained text 'ต้องเป็นตัวเลขเท่านั้น' but did not.</status>
</kw>
<kw name="Capture Page Screenshot" owner="SeleniumLibrary">
<doc>Takes a screenshot of the current page and embeds it into a log file.</doc>
<status status="NOT RUN" start="2024-04-08T21:36:03.289362" elapsed="0.000000"/>
</kw>
<doc>ตรวจสอบข้อความผิดพลาดสำหรับเบอร์โทรศัพท์ไม่ถูดต้อง</doc>
<status status="FAIL" start="2024-04-08T21:35:59.375954" elapsed="3.913408">Page should have contained text 'ต้องเป็นตัวเลขเท่านั้น' but did not.</status>
</test>
<test id="s1-t7" name="Check Invalid Email_Webmail" line="82">
<kw name="Open Signup Form">
<kw name="Open Browser" owner="SeleniumLibrary">
<msg time="2024-04-08T21:36:03.291357" level="INFO">Opening browser 'Chrome' to base url 'https://form-flax-one.vercel.app'.</msg>
<arg>${URL}</arg>
<arg>${BROWSER}</arg>
<doc>Opens a new browser instance to the optional ``url``.</doc>
<status status="PASS" start="2024-04-08T21:36:03.291357" elapsed="1.527414"/>
</kw>
<kw name="Wait Until Page Contains Element" owner="SeleniumLibrary">
<arg>id=root</arg>
<doc>Waits until the element ``locator`` appears on the current page.</doc>
<status status="PASS" start="2024-04-08T21:36:04.818771" elapsed="0.007979"/>
</kw>
<status status="PASS" start="2024-04-08T21:36:03.290360" elapsed="1.536390"/>
</kw>
<kw name="Input Email">
<kw name="Input Text" owner="SeleniumLibrary">
<msg time="2024-04-08T21:36:04.827749" level="INFO">Typing text 'Burit@gmail.com' into text field 'id=email'.</msg>
<arg>id=email</arg>
<arg>${email}</arg>
<doc>Types the given ``text`` into the text field identified by ``locator``.</doc>
<status status="PASS" start="2024-04-08T21:36:04.827749" elapsed="0.123128"/>
</kw>
<arg>Burit@gmail.com</arg>
<status status="PASS" start="2024-04-08T21:36:04.827749" elapsed="0.123128"/>
</kw>
<kw name="Execute Javascript" owner="SeleniumLibrary">
<msg time="2024-04-08T21:36:04.950877" level="INFO">Executing JavaScript:
window.scrollTo(0, document.body.scrollHeight);
Without any arguments.</msg>
<arg>${SCROLL_SCRIPT_DOWN}</arg>
<doc>Executes the given JavaScript code with possible arguments.</doc>
<status status="PASS" start="2024-04-08T21:36:04.950877" elapsed="0.003989"/>
</kw>
<kw name="Sleep" owner="BuiltIn">
<msg time="2024-04-08T21:36:06.955113" level="INFO">Slept 2 seconds.</msg>
<arg>2s</arg>
<doc>Pauses the test executed for the given time.</doc>
<status status="PASS" start="2024-04-08T21:36:04.954866" elapsed="2.000247"/>
</kw>
<kw name="Input Checkbox">
<kw name="Execute Javascript" owner="SeleniumLibrary">
<msg time="2024-04-08T21:36:06.956110" level="INFO">Executing JavaScript:
document.getElementById('accept').click()
Without any arguments.</msg>
<arg>document.getElementById('accept').click()</arg>
<doc>Executes the given JavaScript code with possible arguments.</doc>
<status status="PASS" start="2024-04-08T21:36:06.955113" elapsed="0.007902"/>
</kw>
<status status="PASS" start="2024-04-08T21:36:06.955113" elapsed="0.007902"/>
</kw>
<kw name="Click Button">
<kw name="Execute Javascript" owner="SeleniumLibrary">
<msg time="2024-04-08T21:36:06.964011" level="INFO">Executing JavaScript:
document.getElementById('submitbtn').click()
Without any arguments.</msg>
<arg>document.getElementById('submitbtn').click()</arg>
<doc>Executes the given JavaScript code with possible arguments.</doc>
<status status="PASS" start="2024-04-08T21:36:06.964011" elapsed="0.007979"/>
</kw>
<status status="PASS" start="2024-04-08T21:36:06.964011" elapsed="0.007979"/>
</kw>
<kw name="Verify Invalid IDcard_Only">
<kw name="Page Should Contain" owner="SeleniumLibrary">
<msg time="2024-04-08T21:36:07.131328" level="INFO" html="true">&lt;/td&gt;&lt;/tr&gt;&lt;tr&gt;&lt;td colspan="3"&gt;&lt;a href="selenium-screenshot-6.png"&gt;&lt;img src="selenium-screenshot-6.png" width="800px"&gt;&lt;/a&gt;</msg>
<msg time="2024-04-08T21:36:07.131328" level="FAIL">Page should have contained text 'ต้องเป็นตัวเลขเท่านั้น' but did not.</msg>
<arg>ต้องเป็นตัวเลขเท่านั้น</arg>
<doc>Verifies that current page contains ``text``.</doc>
<status status="FAIL" start="2024-04-08T21:36:06.972987" elapsed="0.159337">Page should have contained text 'ต้องเป็นตัวเลขเท่านั้น' but did not.</status>
</kw>
<status status="FAIL" start="2024-04-08T21:36:06.971990" elapsed="0.160334">Page should have contained text 'ต้องเป็นตัวเลขเท่านั้น' but did not.</status>
</kw>
<kw name="Capture Page Screenshot" owner="SeleniumLibrary">
<doc>Takes a screenshot of the current page and embeds it into a log file.</doc>
<status status="NOT RUN" start="2024-04-08T21:36:07.132324" elapsed="0.000997"/>
</kw>
<doc>ตรวจสอบข้อความผิดพลาดสำหรับEmailไม่ถูกต้อง</doc>
<status status="FAIL" start="2024-04-08T21:36:03.289362" elapsed="3.843959">Page should have contained text 'ต้องเป็นตัวเลขเท่านั้น' but did not.</status>
</test>
<status status="FAIL" start="2024-04-08T21:35:45.513923" elapsed="21.620395"/>
</suite>
<statistics>
<total>
<stat pass="1" fail="6" skip="0">All Tests</stat>
</total>
<tag>
</tag>
<suite>
<stat pass="1" fail="6" skip="0" id="s1" name="TestForm">TestForm</stat>
</suite>
</statistics>
<errors>
</errors>
</robot>
